
[Request] 2024-05-14T02:39:01.204Z
  Method: GET
  URL: /api/products
  Params: {}
  Body: {}

[Request] 2024-05-14T02:39:44.017Z
  Method: GET
  URL: /api/login
  Params: {}
  Body: {"username":"luke","email":"tkrk0@naver.com","password":"thswldud7"}

[Request] 2024-05-14T02:39:48.675Z
  Method: POST
  URL: /api/login
  Params: {}
  Body: {"username":"luke","email":"tkrk0@naver.com","password":"thswldud7"}

          [Error] 2024-05-14T02:39:48.681Z
          Name: ValidationError
          Message: "email" is not allowed
        
[Request] 2024-05-14T02:39:55.525Z
  Method: POST
  URL: /api/login
  Params: {}
  Body: {"username":"luke","password":"thswldud7"}

[Request] 2024-05-14T03:03:25.322Z
  Method: GET
  URL: /api/protected
  Params: {}
  Body: {}

          [Error] 2024-05-14T03:03:25.341Z
          Name: TypeError
          Message: Cannot read properties of undefined (reading 'role')
        
[Request] 2024-05-14T03:04:46.538Z
  Method: GET
  URL: /api/protected
  Params: {}
  Body: {}

          [Error] 2024-05-14T03:04:46.555Z
          Name: TypeError
          Message: Cannot read properties of undefined (reading 'role')
        
[Request] 2024-05-14T03:05:27.831Z
  Method: GET
  URL: /api/protected
  Params: {}
  Body: {}

          [Error] 2024-05-14T03:05:27.841Z
          Name: TypeError
          Message: Cannot read properties of undefined (reading 'map')
        
[Request] 2024-05-14T03:05:53.975Z
  Method: GET
  URL: /api/protected
  Params: {}
  Body: {}

          [Error] 2024-05-14T03:05:53.978Z
          Name: Forbidden
          Message: Error: 엑세스 토큰이 만료되었거나 권한이 존재하지않습니다.
        
[Request] 2024-05-14T03:06:33.175Z
  Method: GET
  URL: /api/protected
  Params: {}
  Body: {}

          [Error] 2024-05-14T03:06:33.185Z
          Name: Forbidden
          Message: Error: 엑세스 토큰이 만료되었거나 권한이 존재하지않습니다.
        
[Request] 2024-05-14T03:07:12.566Z
  Method: GET
  URL: /api/protected
  Params: {}
  Body: {}

          [Error] 2024-05-14T03:07:12.576Z
          Name: Forbidden
          Message: Error: 엑세스 토큰이 만료되었거나 권한이 존재하지않습니다.
        
[Request] 2024-05-14T03:07:31.304Z
  Method: GET
  URL: /api/protected
  Params: {}
  Body: {}

          [Error] 2024-05-14T03:07:31.313Z
          Name: Forbidden
          Message: Error: 엑세스 토큰이 만료되었거나 권한이 존재하지않습니다.
        
[Request] 2024-05-14T03:08:06.063Z
  Method: POST
  URL: /api/login
  Params: {}
  Body: {"username":"luke","password":"thswldud7"}

[Request] 2024-05-14T03:08:09.317Z
  Method: GET
  URL: /api/protected
  Params: {}
  Body: {}

          [Error] 2024-05-14T03:08:09.376Z
          Name: Forbidden
          Message: Error: 엑세스 토큰이 만료되었거나 권한이 존재하지않습니다.
        
[Request] 2024-05-14T03:08:27.457Z
  Method: GET
  URL: /api/protected
  Params: {}
  Body: {}

          [Error] 2024-05-14T03:08:27.525Z
          Name: Forbidden
          Message: Error: 엑세스 토큰이 만료되었거나 권한이 존재하지않습니다.
        
[Request] 2024-05-14T03:08:49.162Z
  Method: GET
  URL: /api/protected
  Params: {}
  Body: {}

          [Error] 2024-05-14T03:08:49.174Z
          Name: Forbidden
          Message: Error: 엑세스 토큰이 만료되었거나 권한이 존재하지않습니다.
        
[Request] 2024-05-14T03:09:23.881Z
  Method: GET
  URL: /api/protected
  Params: {}
  Body: {}

          [Error] 2024-05-14T03:09:23.901Z
          Name: Forbidden
          Message: Error: 엑세스 토큰이 만료되었거나 권한이 존재하지않습니다.
        
[Request] 2024-05-14T03:10:08.346Z
  Method: GET
  URL: /api/protected
  Params: {}
  Body: {}

          [Error] 2024-05-14T03:10:08.365Z
          Name: Forbidden
          Message: 권한이 존재하지않습니다.
        
[Request] 2024-05-14T03:10:23.192Z
  Method: GET
  URL: /api/protected
  Params: {}
  Body: {}

          [Error] 2024-05-14T03:10:23.197Z
          Name: Forbidden
          Message: 권한이 존재하지않습니다.
        
[Request] 2024-05-14T03:10:57.130Z
  Method: GET
  URL: /api/protected
  Params: {}
  Body: {}

          [Error] 2024-05-14T03:10:57.142Z
          Name: Forbidden
          Message: 권한이 존재하지않습니다.
        
[Request] 2024-05-14T03:11:13.245Z
  Method: GET
  URL: /api/protected
  Params: {}
  Body: {}

          [Error] 2024-05-14T03:11:13.254Z
          Name: Forbidden
          Message: Error: 엑세스 토큰이 만료되었거나 권한이 존재하지않습니다.
        
[Request] 2024-05-14T03:11:30.437Z
  Method: GET
  URL: /api/protected
  Params: {}
  Body: {}

          [Error] 2024-05-14T03:11:30.444Z
          Name: Forbidden
          Message: 권한이 존재하지않습니다.
        
[Request] 2024-05-14T03:11:58.242Z
  Method: GET
  URL: /api/protected
  Params: {}
  Body: {}

          [Error] 2024-05-14T03:11:58.245Z
          Name: Unauthorized
          Message: 토큰이 누락되었습니다.
        
[Request] 2024-05-14T03:12:02.318Z
  Method: GET
  URL: /api/protected
  Params: {}
  Body: {}

          [Error] 2024-05-14T03:12:02.325Z
          Name: Forbidden
          Message: 권한이 존재하지않습니다.
        
[Request] 2024-05-14T03:12:14.488Z
  Method: GET
  URL: /api/protected
  Params: {}
  Body: {}

[Request] 2024-05-14T03:28:36.895Z
  Method: POST
  URL: /api/refresh
  Params: {}
  Body: {}

[Request] 2024-05-14T03:34:41.793Z
  Method: POST
  URL: /api/login
  Params: {}
  Body: {"username":"luke","password":"thswldud7"}

[Request] 2024-05-14T03:34:52.539Z
  Method: POST
  URL: /api/auth/login
  Params: {}
  Body: {"username":"luke","password":"thswldud7"}

[Request] 2024-05-14T03:35:10.913Z
  Method: POST
  URL: /api/auth/refresh
  Params: {}
  Body: {}

[Request] 2024-05-14T03:35:48.463Z
  Method: GET
  URL: /api/auth/protected
  Params: {}
  Body: {}

          [Error] 2024-05-14T03:35:48.467Z
          Name: Unauthorized
          Message: 토큰이 누락되었습니다.
        
[Request] 2024-05-14T03:36:05.789Z
  Method: GET
  URL: /api/auth/protected
  Params: {}
  Body: {}

[Request] 2024-05-14T03:36:19.857Z
  Method: GET
  URL: /api/auth/protected
  Params: {}
  Body: {}

[Request] 2024-05-14T03:45:42.513Z
  Method: GET
  URL: /api/products
  Params: {}
  Body: {}

[Request] 2024-05-14T03:45:52.018Z
  Method: PUT
  URL: /api/products/664211fe910feb67cafb7d29
  Params: {}
  Body: {"name":"Edit New Item2","description":"헤응헤응헤응헤응헤응.","manager":"luke","password":"sdfdsfsdddddddssdddd","status":"FOR_SALE"}

          [Error] 2024-05-14T03:45:52.112Z
          Name: Bad Request
          Message: 비밀번호가 일치하지 않습니다.
        
[Request] 2024-05-14T03:45:57.324Z
  Method: PUT
  URL: /api/products/664211fe910feb67cafb7d29
  Params: {}
  Body: {"name":"Edit New Item2","description":"헤응헤응헤응헤응헤응.","manager":"luke","password":"thswldud7","status":"FOR_SALE"}

          [Error] 2024-05-14T03:45:57.522Z
          Name: ReferenceError
          Message: a is not defined
        
[Request] 2024-05-14T03:46:09.403Z
  Method: PUT
  URL: /api/products/664211fe910feb67cafb7d29
  Params: {}
  Body: {"name":"Edit New Item2","description":"헤응헤응헤응헤응헤응.","manager":"luke","password":"thswldud7","status":"FOR_SALE"}

          [Error] 2024-05-14T03:46:09.534Z
          Name: MongoServerError
          Message: E11000 duplicate key error collection: 663d9d4ab9d95e1c19abe789_node_express.products index: name_1 dup key: { name: "Edit New Item2" }
        
[Request] 2024-05-14T03:46:15.009Z
  Method: PUT
  URL: /api/products/664211fe910feb67cafb7d29
  Params: {}
  Body: {"name":"Edit New Item3","description":"헤응헤응헤응헤응헤응.","manager":"luke","password":"thswldud7","status":"FOR_SALE"}

[Request] 2024-05-14T03:46:23.289Z
  Method: PUT
  URL: /api/products/664211fe910feb67cafb7d29
  Params: {}
  Body: {"name":"Edit New Item3","description":"헤응헤응헤응헤응헤응.","manager":"luke","password":"thswldud7"}

[Request] 2024-05-14T03:46:29.846Z
  Method: PUT
  URL: /api/products/664211fe910feb67cafb7d29
  Params: {}
  Body: {"name":"Edit New Item3","description":"헤응헤응헤응헤응헤응.","manager":"luke","password":"thswldud7","status":"s"}

          [Error] 2024-05-14T03:46:29.921Z
          Name: ValidationError
          Message: "status" must be one of [FOR_SALE, SOLD_OUT, ]
        
[Request] 2024-05-14T03:46:35.617Z
  Method: PUT
  URL: /api/products/664211fe910feb67cafb7d29
  Params: {}
  Body: {"name":"Edit New Item3","description":"헤응헤응헤응헤응헤응.","manager":"luke","password":"thswldud7","status":"SOLD_OUT"}

[Request] 2024-05-14T03:46:51.821Z
  Method: PUT
  URL: /api/products/664211fe910feb67cafb7d29
  Params: {}
  Body: {"name":"Edit New Item3","description":"로직 개선했찌.","manager":"luke","password":"thswldud7","status":"SOLD_OUT"}

[Request] 2024-05-14T03:46:55.143Z
  Method: GET
  URL: /api/products
  Params: {}
  Body: {}

[Request] 2024-05-14T03:49:57.564Z
  Method: PUT
  URL: /api/products/664211fe910feb67cafb7d22
  Params: {}
  Body: {"name":"Edit New Item3","description":"로직 개선했찌.","manager":"luke","password":"thswldud7","status":"SOLD_OUT"}

          [Error] 2024-05-14T03:49:57.585Z
          Name: NotFound
          Message: 상품이 존재하지 않습니다.
        
[Request] 2024-05-14T03:55:52.967Z
  Method: DELETE
  URL: /api/products/6641ca3e7deb77af9ad402b2
  Params: {}
  Body: {"password":"thswldud7"}

[Request] 2024-05-14T03:56:07.346Z
  Method: DELETE
  URL: /api/products/6641ca3e7deb77af9ad402b2
  Params: {}
  Body: {"password":"thswldud7"}

          [Error] 2024-05-14T03:56:07.364Z
          Name: NotFound
          Message: 상품이 존재하지 않습니다.
        