
[Request] 2024-05-13T08:07:25.981Z
  Method: POST
  URL: /api/products
  Params: {}
  Body: {"name":"New Item","description":"헤응헤응헤응.","manager":"luke","password":"thswldud7"}

[Request] 2024-05-13T08:07:37.030Z
  Method: DELETE
  URL: /api/products/6641c9baeeaeac9ae97762c6
  Params: {}
  Body: {"password":"thswldud7"}

[Request] 2024-05-13T08:08:18.506Z
  Method: DELETE
  URL: /api/products/6641ca3e7deb77af9ad402be
  Params: {}
  Body: {"password":"thswldud7"}

[Request] 2024-05-13T08:12:30.501Z
  Method: POST
  URL: /api/products
  Params: {}
  Body: {"name":"New Item","description":"헤응헤응헤응.","manager":"luke","password":"thswldud7"}

[Request] 2024-05-13T08:12:38.304Z
  Method: DELETE
  URL: /api/products/6641ca3e7deb77af9ad402be
  Params: {}
  Body: {"password":"thswldud7"}

        [Error] 2024-05-13T08:12:38.311Z
          Name: Bad Request
          Message: 상품이 존재하지 않습니다.
        
[Request] 2024-05-13T08:12:52.014Z
  Method: POST
  URL: /api/products
  Params: {}
  Body: {"name":"New Item","description":"헤응헤응헤응.","manager":"luke","password":"thswldud7"}

        [Error] 2024-05-13T08:12:52.022Z
          Name: Bad Request
          Message: 이미 같은이름의 상품이 존재합니다.
        
[Request] 2024-05-13T08:19:02.909Z
  Method: POST
  URL: /api/products
  Params: {}
  Body: {"name":"New Item","description":"헤응헤응헤응.","manager":"luke","password":"thswldud7"}

[Request] 2024-05-13T08:19:49.579Z
  Method: POST
  URL: /api/products
  Params: {}
  Body: {"name":"New Item","description":"헤응헤응헤응.","manager":"luke","password":"thswldud7"}

[Request] 2024-05-13T08:19:51.633Z
  Method: POST
  URL: /api/products
  Params: {}
  Body: {"name":"New Item","description":"헤응헤응헤응.","manager":"luke","password":"thswldud7"}

[Request] 2024-05-13T08:20:05.400Z
  Method: POST
  URL: /api/products
  Params: {}
  Body: {"name":"New Item","description":"헤응헤응헤응.","manager":"luke","password":"thswldud7"}

[Request] 2024-05-13T08:21:00.775Z
  Method: POST
  URL: /api/products
  Params: {}
  Body: {"name":"New Item","description":"헤응헤응헤응.","manager":"luke","password":"thswldud7"}

[Request] 2024-05-13T08:22:01.051Z
  Method: POST
  URL: /api/products
  Params: {}
  Body: {"name":"New Item","description":"헤응헤응헤응.","manager":"luke","password":"thswldud7"}

          [Error] 2024-05-13T08:22:01.075Z
          Name: Bad Request
          Message: 이미 같은이름의 상품이 존재합니다.
        