
[Request] 2024-05-16T01:11:45.851Z
  Method: GET
  URL: /api/products
  Params: {}
  Body: {}

[Request] 2024-05-16T01:11:52.833Z
  Method: POST
  URL: /api/auth/login
  Params: {}
  Body: {"username":"luke","password":"thswldud7"}

[Request] 2024-05-16T01:12:31.577Z
  Method: DELETE
  URL: /api/admin/products/664211fe910feb67cafb7d29
  Params: {}
  Body: {}

[Request] 2024-05-16T01:34:36.415Z
  Method: DELETE
  URL: /api/admin/products/664211fe910feb67cafb7d29
  Params: {}
  Body: {}

          [Error] 2024-05-16T01:34:36.429Z
          Name: Forbidden
          Message: Forbidden: 엑세스 토큰이 만료되었습니다.
        
[Request] 2024-05-16T01:34:42.729Z
  Method: POST
  URL: /api/auth/login
  Params: {}
  Body: {"username":"luke","password":"thswldud7"}

[Request] 2024-05-16T01:34:53.097Z
  Method: DELETE
  URL: /api/admin/products/664211fe910feb67cafb7d29
  Params: {}
  Body: {}

          [Error] 2024-05-16T01:34:53.099Z
          Name: Forbidden
          Message: 권한이 존재하지않습니다.
        
[Request] 2024-05-16T01:36:10.797Z
  Method: DELETE
  URL: /api/admin/products/664211fe910feb67cafb7d29
  Params: {}
  Body: {}

          [Error] 2024-05-16T01:36:10.824Z
          Name: Forbidden
          Message: 권한이 존재하지않습니다.
        
[Request] 2024-05-16T01:36:21.831Z
  Method: POST
  URL: /api/auth/login
  Params: {}
  Body: {"username":"luke","password":"thswldud7"}

[Request] 2024-05-16T01:36:31.061Z
  Method: DELETE
  URL: /api/admin/products/664211fe910feb67cafb7d29
  Params: {}
  Body: {}

          [Error] 2024-05-16T01:36:31.112Z
          Name: ReferenceError
          Message: statusCode is not defined
        
[Request] 2024-05-16T01:37:16.773Z
  Method: DELETE
  URL: /api/admin/products/664211fe910feb67cafb7d29
  Params: {}
  Body: {}

          [Error] 2024-05-16T01:37:16.798Z
          Name: NotFound
          Message: 상품이 존재하지 않습니다.
        
[Request] 2024-05-16T01:37:23.271Z
  Method: GET
  URL: /api/products
  Params: {}
  Body: {}

[Request] 2024-05-16T01:37:31.100Z
  Method: DELETE
  URL: /api/admin/products/6641dbb37e22a99c279a9a0c
  Params: {}
  Body: {}

[Request] 2024-05-16T01:37:39.461Z
  Method: GET
  URL: /api/products
  Params: {}
  Body: {}

[Request] 2024-05-16T01:37:39.787Z
  Method: GET
  URL: /api/products
  Params: {}
  Body: {}

[Request] 2024-05-16T01:37:56.242Z
  Method: PUT
  URL: /api/admin/products/6641fb5cef056960457187b6
  Params: {}
  Body: {"name":"Edit New Item3","description":"로직 개선했찌.","manager":"luke","status":"SOLD_OUT"}

          [Error] 2024-05-16T01:37:56.243Z
          Name: Unauthorized
          Message: 토큰이 누락되었습니다.
        
[Request] 2024-05-16T01:38:12.133Z
  Method: PUT
  URL: /api/admin/products/6641fb5cef056960457187b6
  Params: {}
  Body: {"name":"Edit New Item3","description":"로직 개선했찌.","manager":"luke","status":"SOLD_OUT"}

[Request] 2024-05-16T01:46:07.835Z
  Method: POST
  URL: /api/products
  Params: {}
  Body: {"name":"New Item","description":"헤응헤응헤응.","manager":"luke","password":"thswldud7"}

[Request] 2024-05-16T01:46:11.229Z
  Method: GET
  URL: /api/products
  Params: {}
  Body: {}

[Request] 2024-05-16T01:46:37.619Z
  Method: POST
  URL: /api/auth/login
  Params: {}
  Body: {"username":"luke","password":"thswldud7"}

[Request] 2024-05-16T01:46:47.118Z
  Method: DELETE
  URL: /api/admin/products/6645655f67ae4ea51afea7b1
  Params: {}
  Body: {}

[Request] 2024-05-16T01:48:54.697Z
  Method: POST
  URL: /api/auth/login
  Params: {}
  Body: {"username":"luke","password":"thswldud7"}

[Request] 2024-05-16T01:49:52.685Z
  Method: POST
  URL: /api/auth/register
  Params: {}
  Body: {"username":"admin","password":"admin"}

          [Error] 2024-05-16T01:49:52.697Z
          Name: ValidationError
          Message: 이메일 정보는 필수입니다.
        
[Request] 2024-05-16T01:51:45.244Z
  Method: POST
  URL: /api/auth/register
  Params: {}
  Body: {"username":"admin","email":"admin@demo.com","password":"admin"}

          [Error] 2024-05-16T01:51:45.248Z
          Name: ValidationError
          Message: password 는 6 글자이상 작성해주셔야 합니다.
        
[Request] 2024-05-16T01:51:52.058Z
  Method: POST
  URL: /api/auth/register
  Params: {}
  Body: {"username":"admin","email":"admin@demo.com","password":"thswldud7!"}

[Request] 2024-05-16T01:52:11.541Z
  Method: POST
  URL: /api/auth/login
  Params: {}
  Body: {"username":"admin","password":"thswldud7"}

          [Error] 2024-05-16T01:52:11.817Z
          Name: Bad Request
          Message: 비밀번호가 일치하지 않습니다.
        
[Request] 2024-05-16T01:52:22.921Z
  Method: POST
  URL: /api/auth/login
  Params: {}
  Body: {"username":"admin","password":"thswldud7!"}

[Request] 2024-05-16T01:52:42.217Z
  Method: POST
  URL: /api/products
  Params: {}
  Body: {"name":"New Item","description":"헤응헤응헤응.","manager":"luke","password":"thswldud7"}

[Request] 2024-05-16T01:52:44.594Z
  Method: GET
  URL: /api/products
  Params: {}
  Body: {}

[Request] 2024-05-16T01:52:53.193Z
  Method: DELETE
  URL: /api/admin/products/664566ea6492a4071e3d058a
  Params: {}
  Body: {}

          [Error] 2024-05-16T01:52:53.196Z
          Name: Forbidden
          Message: 권한이 존재하지않습니다.
        
[Request] 2024-05-16T01:53:13.956Z
  Method: GET
  URL: /api/products
  Params: {}
  Body: {}

[Request] 2024-05-16T02:03:02.579Z
  Method: GET
  URL: /api/products
  Params: {}
  Body: {}

[Request] 2024-05-16T02:03:21.905Z
  Method: GET
  URL: /api/products
  Params: {}
  Body: {}

[Request] 2024-05-16T02:03:30.435Z
  Method: GET
  URL: /api/products
  Params: {}
  Body: {}

[Request] 2024-05-16T02:03:55.424Z
  Method: GET
  URL: /api/products
  Params: {}
  Body: {}

[Request] 2024-05-16T02:18:58.409Z
  Method: DELETE
  URL: /api/admin/products/6641dbb37e22a99c279a9a0c
  Params: {}
  Body: {}

          [Error] 2024-05-16T02:18:58.411Z
          Name: Forbidden
          Message: Forbidden: 엑세스 토큰이 만료되었습니다.
        
[Request] 2024-05-16T02:20:26.901Z
  Method: POST
  URL: /api/auth/login
  Params: {}
  Body: {"username":"luke","password":"thswldud7"}

[Request] 2024-05-16T02:20:34.642Z
  Method: DELETE
  URL: /api/admin/products/6641dbb37e22a99c279a9a0c
  Params: {}
  Body: {}

          [Error] 2024-05-16T02:20:34.656Z
          Name: NotFound
          Message: 상품이 존재하지 않습니다.
        
[Request] 2024-05-16T02:24:43.128Z
  Method: POST
  URL: /api/products
  Params: {}
  Body: {"name":"New Item","description":"헤응헤응헤응.","manager":"luke","password":"thswldud7"}

          [Error] 2024-05-16T02:24:43.163Z
          Name: Bad Request
          Message: 이미 같은이름의 상품이 존재합니다.
        
[Request] 2024-05-16T02:24:48.243Z
  Method: GET
  URL: /api/products
  Params: {}
  Body: {}

[Request] 2024-05-16T02:24:53.081Z
  Method: DELETE
  URL: /api/admin/products/664566ea6492a4071e3d058a
  Params: {}
  Body: {}

[Request] 2024-05-16T02:34:39.328Z
  Method: GET
  URL: /api/products
  Params: {}
  Body: {}

[Request] 2024-05-16T02:36:25.843Z
  Method: POST
  URL: /api/products
  Params: {}
  Body: {"name":"string","description":"string","manager":"string","status":"FOR_SALE","password":"strinsdsdsdg"}

[Request] 2024-05-16T02:37:04.937Z
  Method: GET
  URL: /api/products
  Params: {}
  Body: {}

[Request] 2024-05-16T02:37:19.146Z
  Method: GET
  URL: /api/products/66457129c614001b4922b22f
  Params: {}
  Body: {}

[Request] 2024-05-16T02:37:33.819Z
  Method: PUT
  URL: /api/products/66457129c614001b4922b22f
  Params: {}
  Body: {"name":"strinsdsdsdg","description":"string","manager":"string","status":"FOR_SALE","password":"string"}

          [Error] 2024-05-16T02:37:33.936Z
          Name: Bad Request
          Message: 비밀번호가 일치하지 않습니다.
        
[Request] 2024-05-16T02:38:36.767Z
  Method: PUT
  URL: /api/products/66457129c614001b4922b22f
  Params: {}
  Body: {"name":"strinsdsdsdg","description":"string","manager":"string","status":"FOR_SALE","password":"strinsdsdsdg"}

[Request] 2024-05-16T02:38:48.592Z
  Method: DELETE
  URL: /api/products/66457129c614001b4922b22f
  Params: {}
  Body: {}

          [Error] 2024-05-16T02:38:48.609Z
          Name: Error
          Message: data and hash arguments required
        
[Request] 2024-05-16T02:39:31.965Z
  Method: GET
  URL: /api/products
  Params: {}
  Body: {}

[Request] 2024-05-16T02:42:42.969Z
  Method: GET
  URL: /api/products
  Params: {}
  Body: {}

[Request] 2024-05-16T02:43:22.032Z
  Method: POST
  URL: /api/products
  Params: {}
  Body: {"name":"strin23131231g","description":"string","manager":"string","status":"FOR_SALE","password":"123123123"}

[Request] 2024-05-16T02:43:31.605Z
  Method: DELETE
  URL: /api/products/664572cab08a2d5b27775a7e
  Params: {}
  Body: {"password":"123123123"}

[Request] 2024-05-16T02:47:47.067Z
  Method: POST
  URL: /api/auth/login
  Params: {}
  Body: {"username":"luke","password":"thswldud7"}

[Request] 2024-05-16T02:47:51.779Z
  Method: POST
  URL: /api/auth/login
  Params: {}
  Body: {"username":"admin","password":"thswldud7"}

          [Error] 2024-05-16T02:47:52.062Z
          Name: Bad Request
          Message: 비밀번호가 일치하지 않습니다.
        
[Request] 2024-05-16T02:47:55.588Z
  Method: POST
  URL: /api/auth/login
  Params: {}
  Body: {"username":"admin","password":"thswldud7!"}

[Request] 2024-05-16T02:55:29.343Z
  Method: POST
  URL: /api/auth/register
  Params: {}
  Body: {"username":"testUser","password":"string123123"}

          [Error] 2024-05-16T02:55:29.347Z
          Name: ValidationError
          Message: 이메일 정보는 필수입니다.
        
[Request] 2024-05-16T02:56:57.448Z
  Method: POST
  URL: /api/auth/register
  Params: {}
  Body: {"username":"TestUser","email":"string@gmail.com","password":"string123123"}

[Request] 2024-05-16T02:57:14.122Z
  Method: POST
  URL: /api/auth/login
  Params: {}
  Body: {"username":"admin","password":"thswldud7!"}

[Request] 2024-05-16T03:00:18.083Z
  Method: POST
  URL: /api/auth/login
  Params: {}
  Body: {"username":"admin","password":"thswldud7!"}

[Request] 2024-05-16T03:00:26.225Z
  Method: POST
  URL: /api/auth/refresh
  Params: {}
  Body: {}

[Request] 2024-05-16T03:00:57.097Z
  Method: DELETE
  URL: /api/admin/products/6641fb5cef056960457187b6
  Params: {}
  Body: {}

          [Error] 2024-05-16T03:00:57.100Z
          Name: Unauthorized
          Message: 토큰이 누락되었습니다.
        
[Request] 2024-05-16T03:01:18.507Z
  Method: POST
  URL: /api/auth/refresh
  Params: {}
  Body: {}

[Request] 2024-05-16T03:01:20.278Z
  Method: POST
  URL: /api/auth/refresh
  Params: {}
  Body: {}

[Request] 2024-05-16T03:03:18.458Z
  Method: DELETE
  URL: /api/admin/products/6641fb5cef056960457187b6
  Params: {}
  Body: {}

          [Error] 2024-05-16T03:03:18.464Z
          Name: Unauthorized
          Message: 토큰이 누락되었습니다.
        
[Request] 2024-05-16T05:15:57.181Z
  Method: POST
  URL: /api/auth/login
  Params: {}
  Body: {"username":"admin","password":"thswldud7!"}

[Request] 2024-05-16T05:16:04.862Z
  Method: POST
  URL: /api/auth/refresh
  Params: {}
  Body: {"username":"admin","password":"thswldud7!"}
