
[Request] 2024-05-21T16:23:12.064Z
  Method: GET
  URL: /api/swagger
  Params: {}
  Body: {}

[Request] 2024-05-21T16:23:12.132Z
  Method: GET
  URL: /favicon.ico
  Params: {}
  Body: {}

[Request] 2024-05-21T16:23:38.946Z
  Method: GET
  URL: /api/swagger
  Params: {}
  Body: {}

[Request] 2024-05-21T16:23:39.388Z
  Method: GET
  URL: /api/swagger
  Params: {}
  Body: {}

[Request] 2024-05-21T16:23:40.599Z
  Method: GET
  URL: /api/swagger
  Params: {}
  Body: {}

[Request] 2024-05-21T16:23:41.207Z
  Method: GET
  URL: /api/swagger
  Params: {}
  Body: {}

[Request] 2024-05-21T16:23:41.954Z
  Method: GET
  URL: /api/swagger
  Params: {}
  Body: {}

[Request] 2024-05-21T16:24:31.755Z
  Method: GET
  URL: /api/swagger
  Params: {}
  Body: {}

[Request] 2024-05-21T16:24:32.132Z
  Method: GET
  URL: /api/swagger
  Params: {}
  Body: {}

[Request] 2024-05-21T16:24:33.076Z
  Method: GET
  URL: /api/swagger
  Params: {}
  Body: {}
